<?xml version="1.0" encoding="utf-8"?><testsuites name="pytest tests"><testsuite name="pytest" errors="0" failures="0" skipped="0" tests="13" time="2.386" timestamp="2026-07-11T22:02:33.294077+00:00" hostname="agent-env-35ee924e-90e7-4cad-b728-3452a401a700"><testcase classname="backend.tests.backend_test.TestBasics" name="test_root" time="0.465" /><testcase classname="backend.tests.backend_test.TestRestaurants" name="test_restaurants_include_brazilian" time="0.021" /><testcase classname="backend.tests.backend_test.TestRestaurants" name="test_brazilian_restaurants_have_images" time="0.022" /><testcase classname="backend.tests.backend_test.TestTickets" name="test_tickets_have_rede_expressos_and_qr" time="0.019" /><testcase classname="backend.tests.backend_test.TestTickets" name="test_tickets_include_hotel_and_benagil" time="0.019" /><testcase classname="backend.tests.backend_test.TestEmergency" name="test_emergency_contacts" time="0.023" /><testcase classname="backend.tests.backend_test.TestTripStats" name="test_trip_stats_fields" time="0.062" /><testcase classname="backend.tests.backend_test.TestItinerary" name="test_itinerary_events" time="0.021" /><testcase classname="backend.tests.backend_test.TestContent" name="test_briefings" time="0.772" /><testcase classname="backend.tests.backend_test.TestContent" name="test_weather" time="0.748" /><testcase classname="backend.tests.backend_test.TestContent" name="test_shopping" time="0.022" /><testcase classname="backend.tests.backend_test.TestSmartGo" name="test_smart_go_requires_params" time="0.061" /><testcase classname="backend.tests.backend_test.TestSmartGo" name="test_bus_next_requires_params" time="0.061" /></testsuite></testsuites>