<?xml version="1.0" encoding="utf-8"?><testsuites name="pytest tests"><testsuite name="pytest" errors="0" failures="0" skipped="0" tests="20" time="4.910" timestamp="2026-07-11T23:14:06.725508+00:00" hostname="agent-env-35ee924e-90e7-4cad-b728-3452a401a700"><testcase classname="backend.tests.test_iteration6_render.TestRequirements" name="test_no_emergentintegrations" time="0.000" /><testcase classname="backend.tests.test_iteration6_render.TestRequirements" name="test_has_google_generativeai" time="0.000" /><testcase classname="backend.tests.test_iteration6_render.TestRequirements" name="test_has_httpx" time="0.000" /><testcase classname="backend.tests.test_iteration6_render.TestImportWithoutEmergent" name="test_import_server_without_emergentintegrations" time="0.779" /><testcase classname="backend.tests.test_iteration6_render.TestCoreEndpoints" name="test_root" time="0.108" /><testcase classname="backend.tests.test_iteration6_render.TestCoreEndpoints" name="test_restaurants_17" time="0.092" /><testcase classname="backend.tests.test_iteration6_render.TestCoreEndpoints" name="test_beaches_10" time="0.022" /><testcase classname="backend.tests.test_iteration6_render.TestCoreEndpoints" name="test_attractions_12" time="0.022" /><testcase classname="backend.tests.test_iteration6_render.TestCoreEndpoints" name="test_tickets_4_with_passengers" time="0.022" /><testcase classname="backend.tests.test_iteration6_render.TestCoreEndpoints" name="test_trip" time="0.060" /><testcase classname="backend.tests.test_iteration6_render.TestCoreEndpoints" name="test_itinerary" time="0.022" /><testcase classname="backend.tests.test_iteration6_render.TestCoreEndpoints" name="test_hacks" time="0.022" /><testcase classname="backend.tests.test_iteration6_render.TestCoreEndpoints" name="test_checklist" time="0.022" /><testcase classname="backend.tests.test_iteration6_render.TestCoreEndpoints" name="test_budget_expenses" time="0.063" /><testcase classname="backend.tests.test_iteration6_render.TestCoreEndpoints" name="test_gallery" time="0.062" /><testcase classname="backend.tests.test_iteration6_render.TestCoreEndpoints" name="test_diary" time="0.064" /><testcase classname="backend.tests.test_iteration6_render.TestAITip" name="test_ai_tip_returns_valid_shape" time="0.807" /><testcase classname="backend.tests.test_iteration6_render.TestChat" name="test_chat_with_key" time="0.063" /><testcase classname="backend.tests.test_iteration6_render.TestChat" name="test_chat_no_key_returns_503" time="0.786" /><testcase classname="backend.tests.test_iteration6_render.TestAITipNoKeys" name="test_ai_tip_fallback_when_no_ai_keys" time="1.814" /></testsuite></testsuites>