<?xml version="1.0" encoding="utf-8"?><testsuites name="pytest tests"><testsuite name="pytest" errors="0" failures="0" skipped="0" tests="18" time="1.922" timestamp="2026-07-11T23:03:41.008771+00:00" hostname="agent-env-35ee924e-90e7-4cad-b728-3452a401a700"><testcase classname="backend.tests.test_deployment_diagnosis.TestRenderProductionOld" name="test_restaurants_returns_old_count" time="0.250" /><testcase classname="backend.tests.test_deployment_diagnosis.TestRenderProductionOld" name="test_beaches_returns_404" time="0.219" /><testcase classname="backend.tests.test_deployment_diagnosis.TestRenderProductionOld" name="test_attractions_returns_404" time="0.213" /><testcase classname="backend.tests.test_deployment_diagnosis.TestRenderProductionOld" name="test_tickets_returns_404_or_old_shape" time="0.210" /><testcase classname="backend.tests.test_deployment_diagnosis.TestPreviewNewBackend" name="test_restaurants_expanded" time="0.693" /><testcase classname="backend.tests.test_deployment_diagnosis.TestPreviewNewBackend" name="test_beaches_new_endpoint" time="0.066" /><testcase classname="backend.tests.test_deployment_diagnosis.TestPreviewNewBackend" name="test_attractions_new_endpoint" time="0.101" /><testcase classname="backend.tests.test_deployment_diagnosis.TestPreviewNewBackend" name="test_tickets_has_passengers" time="0.097" /><testcase classname="backend.tests.test_deployment_diagnosis.TestLocalSourceHasNewEndpoints" name="test_endpoint_defined[async def beaches]" time="0.001" /><testcase classname="backend.tests.test_deployment_diagnosis.TestLocalSourceHasNewEndpoints" name="test_endpoint_defined[async def attractions]" time="0.001" /><testcase classname="backend.tests.test_deployment_diagnosis.TestLocalSourceHasNewEndpoints" name="test_endpoint_defined[async def hotel_details]" time="0.000" /><testcase classname="backend.tests.test_deployment_diagnosis.TestLocalSourceHasNewEndpoints" name="test_endpoint_defined[async def ai_tip]" time="0.000" /><testcase classname="backend.tests.test_deployment_diagnosis.TestLocalSourceHasNewEndpoints" name="test_endpoint_defined[async def trip_stats]" time="0.000" /><testcase classname="backend.tests.test_deployment_diagnosis.TestLocalSourceHasNewEndpoints" name="test_endpoint_defined[async def emergency]" time="0.000" /><testcase classname="backend.tests.test_deployment_diagnosis.TestLocalSourceHasNewEndpoints" name="test_endpoint_defined[async def tickets]" time="0.000" /><testcase classname="backend.tests.test_deployment_diagnosis.TestDeploymentConfigFiles" name="test_render_yaml_exists_and_correct" time="0.000" /><testcase classname="backend.tests.test_deployment_diagnosis.TestDeploymentConfigFiles" name="test_vercel_json_cache_headers" time="0.000" /><testcase classname="backend.tests.test_deployment_diagnosis.TestDeploymentConfigFiles" name="test_vercel_json_uses_render_backend_url" time="0.000" /></testsuite></testsuites>