<?xml version="1.0" encoding="utf-8"?><testsuites name="pytest tests"><testsuite name="pytest" errors="0" failures="0" skipped="0" tests="6" time="1.877" timestamp="2026-07-11T21:10:13.955079+00:00" hostname="agent-env-35ee924e-90e7-4cad-b728-3452a401a700"><testcase classname="backend.tests.backend_test.TestTickets" name="test_tickets_have_rede_expressos_and_qr" time="0.872" /><testcase classname="backend.tests.backend_test.TestEmergency" name="test_emergency_contacts" time="0.022" /><testcase classname="backend.tests.backend_test.TestTripStats" name="test_trip_stats_fields" time="0.065" /><testcase classname="backend.tests.backend_test.TestItinerary" name="test_itinerary_events" time="0.023" /><testcase classname="backend.tests.backend_test.TestBriefings" name="test_briefings" time="0.771" /><testcase classname="backend.tests.backend_test.TestBasics" name="test_root" time="0.064" /></testsuite></testsuites>