<?xml version="1.0" encoding="utf-8"?><testsuites name="pytest tests"><testsuite name="pytest" errors="0" failures="0" skipped="0" tests="10" time="3.173" timestamp="2026-07-11T22:33:56.162997+00:00" hostname="agent-env-35ee924e-90e7-4cad-b728-3452a401a700"><testcase classname="backend.tests.test_iteration4.TestRestaurants" name="test_restaurants_count_and_new_ids" time="0.715" /><testcase classname="backend.tests.test_iteration4.TestRestaurants" name="test_restaurants_have_distance" time="0.024" /><testcase classname="backend.tests.test_iteration4.TestBeaches" name="test_beaches_count_and_fields" time="0.025" /><testcase classname="backend.tests.test_iteration4.TestAttractions" name="test_attractions_count_and_ids" time="0.028" /><testcase classname="backend.tests.test_iteration4.TestAttractions" name="test_attraction_fields" time="0.022" /><testcase classname="backend.tests.test_iteration4.TestTickets" name="test_tickets_ida_passengers" time="0.024" /><testcase classname="backend.tests.test_iteration4.TestTickets" name="test_tickets_hotel_amenities_nearby" time="0.023" /><testcase classname="backend.tests.test_iteration4.TestHotelDetails" name="test_hotel_details" time="0.024" /><testcase classname="backend.tests.test_iteration4.TestAITip" name="test_ai_tip_response" time="0.751" /><testcase classname="backend.tests.test_iteration4.TestAITip" name="test_ai_tip_cached" time="1.471" /></testsuite></testsuites>