<?xml version="1.0" encoding="utf-8"?><testsuites name="pytest tests"><testsuite name="pytest" errors="0" failures="1" skipped="0" tests="23" time="4.055" timestamp="2026-07-11T20:25:35.838623+00:00" hostname="agent-env-35ee924e-90e7-4cad-b728-3452a401a700"><testcase classname="backend.tests.backend_test.TestBasic" name="test_root" time="0.495" /><testcase classname="backend.tests.backend_test.TestBasic" name="test_trip" time="0.064" /><testcase classname="backend.tests.backend_test.TestBasic" name="test_itinerary" time="0.025" /><testcase classname="backend.tests.backend_test.TestBasic" name="test_hacks" time="0.025" /><testcase classname="backend.tests.backend_test.TestBasic" name="test_checklist_seeded" time="0.026" /><testcase classname="backend.tests.backend_test.TestSmartGo" name="test_smart_go_hotel_marina" time="0.065" /><testcase classname="backend.tests.backend_test.TestSmartGo" name="test_smart_go_hotel_praia_rocha_has_bus" time="0.067" /><testcase classname="backend.tests.backend_test.TestSmartGo" name="test_smart_go_invalid_location" time="0.062" /><testcase classname="backend.tests.backend_test.TestBriefings" name="test_briefings_shape" time="0.773" /><testcase classname="backend.tests.backend_test.TestBriefings" name="test_briefings_contains_checkin" time="0.763" /><testcase classname="backend.tests.backend_test.TestBus" name="test_bus_schedule_all_lines" time="0.068" /><testcase classname="backend.tests.backend_test.TestBus" name="test_bus_next_hotel_sorted" time="0.064" /><testcase classname="backend.tests.backend_test.TestBus" name="test_bus_next_bad_stop" time="0.062" /><testcase classname="backend.tests.backend_test.TestWeather" name="test_weather" time="0.750" /><testcase classname="backend.tests.backend_test.TestShopping" name="test_shopping_seeded" time="0.027" /><testcase classname="backend.tests.backend_test.TestShopping" name="test_shopping_toggle" time="0.174" /><testcase classname="backend.tests.backend_test.TestTickets" name="test_tickets" time="0.062" /><testcase classname="backend.tests.backend_test.TestRestaurants" name="test_restaurants" time="0.027" /><testcase classname="backend.tests.backend_test.TestChat" name="test_chat_reply" time="0.056"><failure message="AssertionError: {&quot;detail&quot;:&quot;AI error: 'LlmChat' object has no attribute 'with_max_tokens'&quot;}&#10;assert 500 == 200&#10; +  where 500 = &lt;Response [500]&gt;.status_code">backend/tests/backend_test.py:197: in test_chat_reply
    assert r.status_code == 200, r.text
E   AssertionError: {"detail":"AI error: 'LlmChat' object has no attribute 'with_max_tokens'"}
E   assert 500 == 200
E    +  where 500 = &lt;Response [500]&gt;.status_code</failure></testcase><testcase classname="backend.tests.backend_test.TestCRUD" name="test_budget_list" time="0.023" /><testcase classname="backend.tests.backend_test.TestCRUD" name="test_budget_add_and_delete" time="0.138" /><testcase classname="backend.tests.backend_test.TestCRUD" name="test_gallery_list" time="0.064" /><testcase classname="backend.tests.backend_test.TestCRUD" name="test_diary_list" time="0.064" /></testsuite></testsuites>